/home/user/assessment-1-[PRISCILLA]/website-example-master/static/images/banners/side-banner1.jpg
/home/user/assessment-1-[PRISCILLA]/website-example-master/static/images/banners/3col-banner1.jpg
/home/user/assessment-1-[PRISCILLA]/website-example-master/static/images/banners/2col-banner1.jpg
/home/user/assessment-1-[PRISCILLA]/website-example-master/static/images/banners/3col-banner2.jpg
/home/user/assessment-1-[PRISCILLA]/website-example-master/static/images/banners/3col-banner3.jpg
/home/user/assessment-1-[PRISCILLA]/website-example-master/static/images/banners/2col-banner2.jpg
/home/user/assessment-1-[PRISCILLA]/website-example-master/static/images/testimonial-images/image2.jpg
/home/user/assessment-1-[PRISCILLA]/website-example-master/static/images/testimonial-images/image3.jpg
/home/user/assessment-1-[PRISCILLA]/website-example-master/static/images/testimonial-images/image1.jpg
/home/user/assessment-1-[PRISCILLA]/website-example-master/static/images/product-images/22.jpg
/home/user/assessment-1-[PRISCILLA]/website-example-master/static/images/product-images/7.jpg
/home/user/assessment-1-[PRISCILLA]/website-example-master/static/images/product-images/cart-thumb-img2.jpg
/home/user/assessment-1-[PRISCILLA]/website-example-master/static/images/product-images/33.jpg
/home/user/assessment-1-[PRISCILLA]/website-example-master/static/images/product-images/8.jpg
/home/user/assessment-1-[PRISCILLA]/website-example-master/static/images/product-images/5.jpg
/home/user/assessment-1-[PRISCILLA]/website-example-master/static/images/product-images/13.jpg
/home/user/assessment-1-[PRISCILLA]/website-example-master/static/images/product-images/thumb3.jpg
/home/user/assessment-1-[PRISCILLA]/website-example-master/static/images/product-images/4.jpg
/home/user/assessment-1-[PRISCILLA]/website-example-master/static/images/product-images/10.jpg
/home/user/assessment-1-[PRISCILLA]/website-example-master/static/images/product-images/6.jpg
/home/user/assessment-1-[PRISCILLA]/website-example-master/static/images/product-images/hcart-thumb2.jpg
/home/user/assessment-1-[PRISCILLA]/website-example-master/static/images/product-images/thumb1.jpg
/home/user/assessment-1-[PRISCILLA]/website-example-master/static/images/product-images/27.jpg
/home/user/assessment-1-[PRISCILLA]/website-example-master/static/images/product-images/26.jpg
/home/user/assessment-1-[PRISCILLA]/website-example-master/static/images/product-images/15.jpg
/home/user/assessment-1-[PRISCILLA]/website-example-master/static/images/product-images/16.jpg
/home/user/assessment-1-[PRISCILLA]/website-example-master/static/images/product-images/3.jpg
/home/user/assessment-1-[PRISCILLA]/website-example-master/static/images/product-images/34.jpg
/home/user/assessment-1-[PRISCILLA]/website-example-master/static/images/product-images/32.jpg
/home/user/assessment-1-[PRISCILLA]/website-example-master/static/images/product-images/21.jpg
/home/user/assessment-1-[PRISCILLA]/website-example-master/static/images/product-images/1.jpg
/home/user/assessment-1-[PRISCILLA]/website-example-master/static/images/product-images/pimg3.jpg
/home/user/assessment-1-[PRISCILLA]/website-example-master/static/images/product-images/14.jpg
/home/user/assessment-1-[PRISCILLA]/website-example-master/static/images/product-images/thumb2.jpg
/home/user/assessment-1-[PRISCILLA]/website-example-master/static/images/product-images/36.jpg
/home/user/assessment-1-[PRISCILLA]/website-example-master/static/images/product-images/17.jpg
/home/user/assessment-1-[PRISCILLA]/website-example-master/static/images/product-images/11.jpg
/home/user/assessment-1-[PRISCILLA]/website-example-master/static/images/product-images/35.jpg
/home/user/assessment-1-[PRISCILLA]/website-example-master/static/images/product-images/cart-thumb-img1.jpg
/home/user/assessment-1-[PRISCILLA]/website-example-master/static/images/product-images/23.jpg
/home/user/assessment-1-[PRISCILLA]/website-example-master/static/images/product-images/hcart-thumb1.jpg
/home/user/assessment-1-[PRISCILLA]/website-example-master/static/images/product-images/2.jpg
/home/user/assessment-1-[PRISCILLA]/website-example-master/static/images/product-images/24.jpg
/home/user/assessment-1-[PRISCILLA]/website-example-master/static/images/product-images/9.jpg
/home/user/assessment-1-[PRISCILLA]/website-example-master/static/images/product-images/thumb4.jpg
/home/user/assessment-1-[PRISCILLA]/website-example-master/static/images/product-images/25.jpg
/home/user/assessment-1-[PRISCILLA]/website-example-master/static/images/product-images/37.jpg
/home/user/assessment-1-[PRISCILLA]/website-example-master/static/images/product-images/12.jpg
/home/user/assessment-1-[PRISCILLA]/website-example-master/static/images/product-images/31.jpg
/home/user/assessment-1-[PRISCILLA]/website-example-master/static/images/misc/about-image1.jpg
/home/user/assessment-1-[PRISCILLA]/website-example-master/static/images/misc/cat-thumb-img1.jpg
