/home/user/assessment-1-[PRISCILLA]/website-example-master/static:
css
fonts
images
js
sass
vendor

/home/user/assessment-1-[PRISCILLA]/website-example-master/static/css:
bootstrap
font-awesome
invoice.css
magnific-popup.css
owl.carousel.css
shop2.css
shop.css

/home/user/assessment-1-[PRISCILLA]/website-example-master/static/css/bootstrap:
bootstrap
bootstrap.css

/home/user/assessment-1-[PRISCILLA]/website-example-master/static/css/bootstrap/bootstrap:
bootstrap.css

/home/user/assessment-1-[PRISCILLA]/website-example-master/static/css/font-awesome:
font-awesome.css

/home/user/assessment-1-[PRISCILLA]/website-example-master/static/fonts:
FontAwesome.otf
fontawesome-webfont.eot
fontawesome-webfont.svg
fontawesome-webfont.ttf
fontawesome-webfont.woff
fontawesome-webfont.woff2
glyphicons-halflings-regular.eot
glyphicons-halflings-regular.svg
glyphicons-halflings-regular.ttf
glyphicons-halflings-regular.woff
glyphicons-halflings-regular.woff2

/home/user/assessment-1-[PRISCILLA]/website-example-master/static/images:
ajax-loader.gif
AjaxLoader.gif
banners
category
grabbing.png
logo_blue.png
logo.png
misc
payment-icon
product
product-images
testimonial-images

/home/user/assessment-1-[PRISCILLA]/website-example-master/static/images/banners:
2col-banner1.jpg
2col-banner2.jpg
3col-banner1.jpg
3col-banner2.jpg
3col-banner3.jpg
side-banner1.jpg

/home/user/assessment-1-[PRISCILLA]/website-example-master/static/images/category:
placeholder.png

/home/user/assessment-1-[PRISCILLA]/website-example-master/static/images/misc:
about-image1.jpg
cat-thumb-img1.jpg

/home/user/assessment-1-[PRISCILLA]/website-example-master/static/images/payment-icon:
americanexpress.png
cirrus.png
mastercard.png
paypal.png
visa.png

/home/user/assessment-1-[PRISCILLA]/website-example-master/static/images/product:
new-badge-de.png
new-badge-en.png

/home/user/assessment-1-[PRISCILLA]/website-example-master/static/images/product-images:
10.jpg
11.jpg
12.jpg
13.jpg
14.jpg
15.jpg
16.jpg
17.jpg
1.jpg
21.jpg
22.jpg
23.jpg
24.jpg
25.jpg
26.jpg
27.jpg
2.jpg
31.jpg
32.jpg
33.jpg
34.jpg
35.jpg
36.jpg
37.jpg
3.jpg
4.jpg
5.jpg
6.jpg
7.jpg
8.jpg
9.jpg
cart-thumb-img1.jpg
cart-thumb-img2.jpg
hcart-thumb1.jpg
hcart-thumb2.jpg
pimg3.jpg
thumb1.jpg
thumb2.jpg
thumb3.jpg
thumb4.jpg

/home/user/assessment-1-[PRISCILLA]/website-example-master/static/images/testimonial-images:
image1.jpg
image2.jpg
image3.jpg

/home/user/assessment-1-[PRISCILLA]/website-example-master/static/js:
custom.js
map.js
shop.js

/home/user/assessment-1-[PRISCILLA]/website-example-master/static/sass:
bootstrap
_bootstrap-compass.scss
_bootstrap-mincer.scss
_bootstrap.scss
_bootstrap-sprockets.scss
config.rb
font-awesome
invoice.scss
shop2.scss
shop.scss
style

/home/user/assessment-1-[PRISCILLA]/website-example-master/static/sass/bootstrap:
_alerts.scss
_badges.scss
_breadcrumbs.scss
_button-groups.scss
_buttons.scss
_carousel.scss
_close.scss
_code.scss
_component-animations.scss
_dropdowns.scss
_forms.scss
_glyphicons.scss
_grid.scss
_input-groups.scss
_jumbotron.scss
_labels.scss
_list-group.scss
_media.scss
mixins
_mixins.scss
_modals.scss
_navbar.scss
_navs.scss
_normalize.scss
_pager.scss
_pagination.scss
_panels.scss
_popovers.scss
_print.scss
_progress-bars.scss
_responsive-embed.scss
_responsive-utilities.scss
_scaffolding.scss
_tables.scss
_theme.scss
_thumbnails.scss
_tooltip.scss
_type.scss
_utilities.scss
_variables.scss
_wells.scss

/home/user/assessment-1-[PRISCILLA]/website-example-master/static/sass/bootstrap/mixins:
_alerts.scss
_background-variant.scss
_border-radius.scss
_buttons.scss
_center-block.scss
_clearfix.scss
_forms.scss
_gradients.scss
_grid-framework.scss
_grid.scss
_hide-text.scss
_image.scss
_labels.scss
_list-group.scss
_nav-divider.scss
_nav-vertical-align.scss
_opacity.scss
_pagination.scss
_panels.scss
_progress-bar.scss
_reset-filter.scss
_reset-text.scss
_resize.scss
_responsive-visibility.scss
_size.scss
_tab-focus.scss
_table-row.scss
_text-emphasis.scss
_text-overflow.scss
_vendor-prefixes.scss

/home/user/assessment-1-[PRISCILLA]/website-example-master/static/sass/font-awesome:
_animated.scss
_bordered-pulled.scss
_core.scss
_fixed-width.scss
font-awesome.scss
_icons.scss
_larger.scss
_list.scss
_mixins.scss
_path.scss
_rotated-flipped.scss
_stacked.scss
_variables.scss

/home/user/assessment-1-[PRISCILLA]/website-example-master/static/sass/style:
_bootstrap-slider.scss
_bootstrap-toggle.scss
bricks
_bricks.scss
_buttons.scss
_cart.scss
checkout
_checkout.scss
_compare.scss
_forms.scss
_invoice.scss
layout
_layout.scss
products
_products.scss
typo
_typo.scss
_variables.scss

/home/user/assessment-1-[PRISCILLA]/website-example-master/static/sass/style/bricks:
_boxes.scss
_carousel.scss
_slider.scss

/home/user/assessment-1-[PRISCILLA]/website-example-master/static/sass/style/checkout:
_payment.scss
_shipping.scss
_wizard.scss

/home/user/assessment-1-[PRISCILLA]/website-example-master/static/sass/style/layout:
_boxes.scss
_breadcrump.scss
_cart.scss
_footer.scss
_header.scss
_main-nav.scss
_pagination.scss
_tabs.scss

/home/user/assessment-1-[PRISCILLA]/website-example-master/static/sass/style/products:
_category.scss
_detail.scss
_grid.scss
_list.scss
_sort-paging.scss

/home/user/assessment-1-[PRISCILLA]/website-example-master/static/sass/style/typo:
_contact.scss
_content-page.scss
_generic.scss

/home/user/assessment-1-[PRISCILLA]/website-example-master/static/vendor:
bootstrap-datetimepicker.min.js
bootstrap-hover-dropdown.min.js
bootstrap.js
bootstrap.min.js
bootstrap-select-i18n
bootstrap-select.js
bootstrap-slider.min.js
bootstrap-toggle.min.js
bootstrapvalidator
font-awesome
ie8-responsive-file-warning.js
jquery-1.11.1.min.js
jquery.magnific-popup.min.js
jquery-migrate-1.2.1.min.js
map.js
owl.carousel.min.js
purl.js

/home/user/assessment-1-[PRISCILLA]/website-example-master/static/vendor/bootstrap-select-i18n:
defaults-cs_CZ.js
defaults-de_DE.js
defaults-en_US.js
defaults-es_CL.js
defaults-eu.js
defaults-fr_FR.js
defaults-it_IT.js
defaults-nl_NL.js
defaults-pl_PL.js
defaults-pt_BR.js
defaults-ro_RO.js
defaults-ru_RU.js
defaults-ua_UA.js
defaults-zh_CN.js
defaults-zh_TW.js

/home/user/assessment-1-[PRISCILLA]/website-example-master/static/vendor/bootstrapvalidator:
bootstrapValidator.js
bootstrapValidator.min.js
language

/home/user/assessment-1-[PRISCILLA]/website-example-master/static/vendor/bootstrapvalidator/language:
ar_MA.js
be_FR.js
be_NL.js
bg_BG.js
cs_CZ.js
da_DK.js
de_DE.js
en_US.js
es_CL.js
es_ES.js
fa_IR.js
fr_FR.js
gr_EL.js
hu_HU.js
id_ID.js
it_IT.js
ja_JP.js
nl_NL.js
no_NO.js
pl_PL.js
pt_BR.js
ro_RO.js
ru_RU.js
sr_RS.js
sv_SE.js
th_TH.js
tr_TR.js
ua_UA.js
vi_VN.js
zh_CN.js
zh_TW.js

/home/user/assessment-1-[PRISCILLA]/website-example-master/static/vendor/font-awesome:
css
fonts
less
scss

/home/user/assessment-1-[PRISCILLA]/website-example-master/static/vendor/font-awesome/css:
font-awesome.css
font-awesome.min.css

/home/user/assessment-1-[PRISCILLA]/website-example-master/static/vendor/font-awesome/fonts:
FontAwesome.otf
fontawesome-webfont.eot
fontawesome-webfont.svg
fontawesome-webfont.ttf
fontawesome-webfont.woff

/home/user/assessment-1-[PRISCILLA]/website-example-master/static/vendor/font-awesome/less:
bordered-pulled.less
core.less
fixed-width.less
font-awesome.less
icons.less
larger.less
list.less
mixins.less
path.less
rotated-flipped.less
spinning.less
stacked.less
variables.less

/home/user/assessment-1-[PRISCILLA]/website-example-master/static/vendor/font-awesome/scss:
_bordered-pulled.scss
_core.scss
_fixed-width.scss
font-awesome.scss
_icons.scss
_larger.scss
_list.scss
_mixins.scss
_path.scss
_rotated-flipped.scss
_spinning.scss
_stacked.scss
_variables.scss
